{
  "/Users/vitalidreko/Programming/React/rs-react/src/components/Header/Header.tsx": {
    "path": "/Users/vitalidreko/Programming/React/rs-react/src/components/Header/Header.tsx",
    "statementMap": {
      "0": {
        "start": {
          "line": 5,
          "column": 0
        },
        "end": {
          "line": 15,
          "column": 1
        }
      },
      "1": {
        "start": {
          "line": 6,
          "column": 2
        },
        "end": {
          "line": 8,
          "column": 3
        }
      },
      "2": {
        "start": {
          "line": 7,
          "column": 4
        },
        "end": {
          "line": 7,
          "column": 165
        }
      },
      "3": {
        "start": {
          "line": 9,
          "column": 2
        },
        "end": {
          "line": 9,
          "column": 39
        }
      },
      "4": {
        "start": {
          "line": 10,
          "column": 2
        },
        "end": {
          "line": 10,
          "column": 39
        }
      },
      "5": {
        "start": {
          "line": 11,
          "column": 2
        },
        "end": {
          "line": 13,
          "column": 4
        }
      },
      "6": {
        "start": {
          "line": 12,
          "column": 4
        },
        "end": {
          "line": 12,
          "column": 122
        }
      },
      "7": {
        "start": {
          "line": 14,
          "column": 2
        },
        "end": {
          "line": 14,
          "column": 75
        }
      },
      "8": {
        "start": {
          "line": 19,
          "column": 2
        },
        "end": {
          "line": 66,
          "column": 11
        }
      },
      "9": {
        "start": {
          "line": 68,
          "column": 0
        },
        "end": {
          "line": 68,
          "column": 12
        }
      },
      "10": {
        "start": {
          "line": 71,
          "column": 0
        },
        "end": {
          "line": 71,
          "column": 27
        }
      },
      "11": {
        "start": {
          "line": 72,
          "column": 0
        },
        "end": {
          "line": 88,
          "column": 1
        }
      },
      "12": {
        "start": {
          "line": 73,
          "column": 2
        },
        "end": {
          "line": 73,
          "column": 39
        }
      },
      "13": {
        "start": {
          "line": 74,
          "column": 2
        },
        "end": {
          "line": 74,
          "column": 39
        }
      },
      "14": {
        "start": {
          "line": 75,
          "column": 2
        },
        "end": {
          "line": 87,
          "column": 5
        }
      },
      "15": {
        "start": {
          "line": 79,
          "column": 4
        },
        "end": {
          "line": 79,
          "column": 148
        }
      },
      "16": {
        "start": {
          "line": 80,
          "column": 4
        },
        "end": {
          "line": 86,
          "column": 7
        }
      },
      "17": {
        "start": {
          "line": 81,
          "column": 6
        },
        "end": {
          "line": 82,
          "column": 15
        }
      },
      "18": {
        "start": {
          "line": 82,
          "column": 8
        },
        "end": {
          "line": 82,
          "column": 15
        }
      },
      "19": {
        "start": {
          "line": 83,
          "column": 32
        },
        "end": {
          "line": 83,
          "column": 115
        }
      },
      "20": {
        "start": {
          "line": 84,
          "column": 6
        },
        "end": {
          "line": 85,
          "column": 54
        }
      },
      "21": {
        "start": {
          "line": 85,
          "column": 8
        },
        "end": {
          "line": 85,
          "column": 54
        }
      }
    },
    "fnMap": {
      "0": {
        "name": "(anonymous_0)",
        "decl": {
          "start": {
            "line": 11,
            "column": 24
          },
          "end": {
            "line": 11,
            "column": 25
          }
        },
        "loc": {
          "start": {
            "line": 11,
            "column": 38
          },
          "end": {
            "line": 13,
            "column": 3
          }
        },
        "line": 11
      },
      "1": {
        "name": "Header",
        "decl": {
          "start": {
            "line": 18,
            "column": 9
          },
          "end": {
            "line": 18,
            "column": 15
          }
        },
        "loc": {
          "start": {
            "line": 18,
            "column": 18
          },
          "end": {
            "line": 67,
            "column": 1
          }
        },
        "line": 18
      },
      "2": {
        "name": "(anonymous_2)",
        "decl": {
          "start": {
            "line": 78,
            "column": 9
          },
          "end": {
            "line": 78,
            "column": 10
          }
        },
        "loc": {
          "start": {
            "line": 78,
            "column": 29
          },
          "end": {
            "line": 87,
            "column": 3
          }
        },
        "line": 78
      },
      "3": {
        "name": "(anonymous_3)",
        "decl": {
          "start": {
            "line": 80,
            "column": 27
          },
          "end": {
            "line": 80,
            "column": 28
          }
        },
        "loc": {
          "start": {
            "line": 80,
            "column": 44
          },
          "end": {
            "line": 86,
            "column": 5
          }
        },
        "line": 80
      }
    },
    "branchMap": {
      "0": {
        "loc": {
          "start": {
            "line": 5,
            "column": 0
          },
          "end": {
            "line": 15,
            "column": 1
          }
        },
        "type": "if",
        "locations": [
          {
            "start": {
              "line": 5,
              "column": 0
            },
            "end": {
              "line": 15,
              "column": 1
            }
          },
          {
            "start": {},
            "end": {}
          }
        ],
        "line": 5
      },
      "1": {
        "loc": {
          "start": {
            "line": 6,
            "column": 2
          },
          "end": {
            "line": 8,
            "column": 3
          }
        },
        "type": "if",
        "locations": [
          {
            "start": {
              "line": 6,
              "column": 2
            },
            "end": {
              "line": 8,
              "column": 3
            }
          },
          {
            "start": {},
            "end": {}
          }
        ],
        "line": 6
      },
      "2": {
        "loc": {
          "start": {
            "line": 72,
            "column": 0
          },
          "end": {
            "line": 88,
            "column": 1
          }
        },
        "type": "if",
        "locations": [
          {
            "start": {
              "line": 72,
              "column": 0
            },
            "end": {
              "line": 88,
              "column": 1
            }
          },
          {
            "start": {},
            "end": {}
          }
        ],
        "line": 72
      },
      "3": {
        "loc": {
          "start": {
            "line": 81,
            "column": 6
          },
          "end": {
            "line": 82,
            "column": 15
          }
        },
        "type": "if",
        "locations": [
          {
            "start": {
              "line": 81,
              "column": 6
            },
            "end": {
              "line": 82,
              "column": 15
            }
          },
          {
            "start": {},
            "end": {}
          }
        ],
        "line": 81
      },
      "4": {
        "loc": {
          "start": {
            "line": 84,
            "column": 6
          },
          "end": {
            "line": 85,
            "column": 54
          }
        },
        "type": "if",
        "locations": [
          {
            "start": {
              "line": 84,
              "column": 6
            },
            "end": {
              "line": 85,
              "column": 54
            }
          },
          {
            "start": {},
            "end": {}
          }
        ],
        "line": 84
      }
    },
    "s": {
      "0": 3,
      "1": 3,
      "2": 0,
      "3": 3,
      "4": 3,
      "5": 3,
      "6": 3,
      "7": 3,
      "8": 3,
      "9": 3,
      "10": 3,
      "11": 3,
      "12": 3,
      "13": 3,
      "14": 3,
      "15": 2,
      "16": 2,
      "17": 0,
      "18": 0,
      "19": 0,
      "20": 0,
      "21": 0
    },
    "f": {
      "0": 3,
      "1": 3,
      "2": 2,
      "3": 0
    },
    "b": {
      "0": [
        3,
        0
      ],
      "1": [
        0,
        3
      ],
      "2": [
        3,
        0
      ],
      "3": [
        0,
        0
      ],
      "4": [
        0,
        0
      ]
    },
    "inputSourceMap": {
      "version": 3,
      "mappings": "AAOM;AAPN,OAAOA,oBAAkB;AAAA;AAAA;AAAA;AAAA;AAAA;AAAA;AAAA;AAAA;AAAA;AAAA;AAAA;AAAA;AAAA;AACzB,SAASC,eAAe;AACxB,OAAO;AAEP,SAASC,SAAS;AAChB,SACE,uBAAC,YAAO,WAAU,UAChB;AAAA,2BAAC,SAAI,WAAU,UAAf;AAAA;AAAA;AAAA;AAAA,WAAqB;AAAA,IACrB,uBAAC,SAAI,WAAU,OACb,iCAAC,QAAG,WAAU,YACZ;AAAA,6BAAC,QAAG,WAAU,iBACZ,iCAAC,WAAQ,IAAG,KAAI,oBAAhB;AAAA;AAAA;AAAA;AAAA,aAAoB,KADtB;AAAA;AAAA;AAAA;AAAA,aAEA;AAAA,MACA,uBAAC,QAAG,WAAU,iBACZ,iCAAC,WAAQ,IAAG,UAAS,wBAArB;AAAA;AAAA;AAAA;AAAA,aAA6B,KAD/B;AAAA;AAAA;AAAA;AAAA,aAEA;AAAA,MACA,uBAAC,QAAG,WAAU,iBACZ,iCAAC,WAAQ,IAAG,QAAO,2BAAnB;AAAA;AAAA;AAAA;AAAA,aAA8B,KADhC;AAAA;AAAA;AAAA;AAAA,aAEA;AAAA,SATF;AAAA;AAAA;AAAA;AAAA,WAUA,KAXF;AAAA;AAAA;AAAA;AAAA,WAYA;AAAA,OAdF;AAAA;AAAA;AAAA;AAAA,SAeA;AAEJ;AAACC,KAnBQD;AAqBT,eAAeA;AAAO;AAAAE",
      "names": [
        "React",
        "NavLink",
        "Header",
        "_c",
        "$RefreshReg$"
      ],
      "sources": [
        "/Users/vitalidreko/Programming/React/rs-react/src/components/Header/Header.tsx"
      ],
      "file": "/Users/vitalidreko/Programming/React/rs-react/src/components/Header/Header.tsx"
    },
    "_coverageSchema": "1a1c01bbd47fc00a2c39e90264f33305004495a9",
    "hash": "51d821972a97167ec42c446f96eace7a27f72d77"
  },
  "/Users/vitalidreko/Programming/React/rs-react/src/components/Layout/Layout.tsx": {
    "path": "/Users/vitalidreko/Programming/React/rs-react/src/components/Layout/Layout.tsx",
    "statementMap": {
      "0": {
        "start": {
          "line": 5,
          "column": 0
        },
        "end": {
          "line": 15,
          "column": 1
        }
      },
      "1": {
        "start": {
          "line": 6,
          "column": 2
        },
        "end": {
          "line": 8,
          "column": 3
        }
      },
      "2": {
        "start": {
          "line": 7,
          "column": 4
        },
        "end": {
          "line": 7,
          "column": 165
        }
      },
      "3": {
        "start": {
          "line": 9,
          "column": 2
        },
        "end": {
          "line": 9,
          "column": 39
        }
      },
      "4": {
        "start": {
          "line": 10,
          "column": 2
        },
        "end": {
          "line": 10,
          "column": 39
        }
      },
      "5": {
        "start": {
          "line": 11,
          "column": 2
        },
        "end": {
          "line": 13,
          "column": 4
        }
      },
      "6": {
        "start": {
          "line": 12,
          "column": 4
        },
        "end": {
          "line": 12,
          "column": 122
        }
      },
      "7": {
        "start": {
          "line": 14,
          "column": 2
        },
        "end": {
          "line": 14,
          "column": 75
        }
      },
      "8": {
        "start": {
          "line": 19,
          "column": 2
        },
        "end": {
          "line": 38,
          "column": 11
        }
      },
      "9": {
        "start": {
          "line": 40,
          "column": 0
        },
        "end": {
          "line": 40,
          "column": 12
        }
      },
      "10": {
        "start": {
          "line": 43,
          "column": 0
        },
        "end": {
          "line": 43,
          "column": 27
        }
      },
      "11": {
        "start": {
          "line": 44,
          "column": 0
        },
        "end": {
          "line": 60,
          "column": 1
        }
      },
      "12": {
        "start": {
          "line": 45,
          "column": 2
        },
        "end": {
          "line": 45,
          "column": 39
        }
      },
      "13": {
        "start": {
          "line": 46,
          "column": 2
        },
        "end": {
          "line": 46,
          "column": 39
        }
      },
      "14": {
        "start": {
          "line": 47,
          "column": 2
        },
        "end": {
          "line": 59,
          "column": 5
        }
      },
      "15": {
        "start": {
          "line": 51,
          "column": 4
        },
        "end": {
          "line": 51,
          "column": 148
        }
      },
      "16": {
        "start": {
          "line": 52,
          "column": 4
        },
        "end": {
          "line": 58,
          "column": 7
        }
      },
      "17": {
        "start": {
          "line": 53,
          "column": 6
        },
        "end": {
          "line": 54,
          "column": 15
        }
      },
      "18": {
        "start": {
          "line": 54,
          "column": 8
        },
        "end": {
          "line": 54,
          "column": 15
        }
      },
      "19": {
        "start": {
          "line": 55,
          "column": 32
        },
        "end": {
          "line": 55,
          "column": 115
        }
      },
      "20": {
        "start": {
          "line": 56,
          "column": 6
        },
        "end": {
          "line": 57,
          "column": 54
        }
      },
      "21": {
        "start": {
          "line": 57,
          "column": 8
        },
        "end": {
          "line": 57,
          "column": 54
        }
      }
    },
    "fnMap": {
      "0": {
        "name": "(anonymous_0)",
        "decl": {
          "start": {
            "line": 11,
            "column": 24
          },
          "end": {
            "line": 11,
            "column": 25
          }
        },
        "loc": {
          "start": {
            "line": 11,
            "column": 38
          },
          "end": {
            "line": 13,
            "column": 3
          }
        },
        "line": 11
      },
      "1": {
        "name": "Layout",
        "decl": {
          "start": {
            "line": 18,
            "column": 9
          },
          "end": {
            "line": 18,
            "column": 15
          }
        },
        "loc": {
          "start": {
            "line": 18,
            "column": 18
          },
          "end": {
            "line": 39,
            "column": 1
          }
        },
        "line": 18
      },
      "2": {
        "name": "(anonymous_2)",
        "decl": {
          "start": {
            "line": 50,
            "column": 9
          },
          "end": {
            "line": 50,
            "column": 10
          }
        },
        "loc": {
          "start": {
            "line": 50,
            "column": 29
          },
          "end": {
            "line": 59,
            "column": 3
          }
        },
        "line": 50
      },
      "3": {
        "name": "(anonymous_3)",
        "decl": {
          "start": {
            "line": 52,
            "column": 27
          },
          "end": {
            "line": 52,
            "column": 28
          }
        },
        "loc": {
          "start": {
            "line": 52,
            "column": 44
          },
          "end": {
            "line": 58,
            "column": 5
          }
        },
        "line": 52
      }
    },
    "branchMap": {
      "0": {
        "loc": {
          "start": {
            "line": 5,
            "column": 0
          },
          "end": {
            "line": 15,
            "column": 1
          }
        },
        "type": "if",
        "locations": [
          {
            "start": {
              "line": 5,
              "column": 0
            },
            "end": {
              "line": 15,
              "column": 1
            }
          },
          {
            "start": {},
            "end": {}
          }
        ],
        "line": 5
      },
      "1": {
        "loc": {
          "start": {
            "line": 6,
            "column": 2
          },
          "end": {
            "line": 8,
            "column": 3
          }
        },
        "type": "if",
        "locations": [
          {
            "start": {
              "line": 6,
              "column": 2
            },
            "end": {
              "line": 8,
              "column": 3
            }
          },
          {
            "start": {},
            "end": {}
          }
        ],
        "line": 6
      },
      "2": {
        "loc": {
          "start": {
            "line": 44,
            "column": 0
          },
          "end": {
            "line": 60,
            "column": 1
          }
        },
        "type": "if",
        "locations": [
          {
            "start": {
              "line": 44,
              "column": 0
            },
            "end": {
              "line": 60,
              "column": 1
            }
          },
          {
            "start": {},
            "end": {}
          }
        ],
        "line": 44
      },
      "3": {
        "loc": {
          "start": {
            "line": 53,
            "column": 6
          },
          "end": {
            "line": 54,
            "column": 15
          }
        },
        "type": "if",
        "locations": [
          {
            "start": {
              "line": 53,
              "column": 6
            },
            "end": {
              "line": 54,
              "column": 15
            }
          },
          {
            "start": {},
            "end": {}
          }
        ],
        "line": 53
      },
      "4": {
        "loc": {
          "start": {
            "line": 56,
            "column": 6
          },
          "end": {
            "line": 57,
            "column": 54
          }
        },
        "type": "if",
        "locations": [
          {
            "start": {
              "line": 56,
              "column": 6
            },
            "end": {
              "line": 57,
              "column": 54
            }
          },
          {
            "start": {},
            "end": {}
          }
        ],
        "line": 56
      }
    },
    "s": {
      "0": 3,
      "1": 3,
      "2": 0,
      "3": 3,
      "4": 3,
      "5": 3,
      "6": 3,
      "7": 3,
      "8": 3,
      "9": 3,
      "10": 3,
      "11": 3,
      "12": 3,
      "13": 3,
      "14": 3,
      "15": 2,
      "16": 2,
      "17": 0,
      "18": 0,
      "19": 0,
      "20": 0,
      "21": 0
    },
    "f": {
      "0": 3,
      "1": 3,
      "2": 2,
      "3": 0
    },
    "b": {
      "0": [
        3,
        0
      ],
      "1": [
        0,
        3
      ],
      "2": [
        3,
        0
      ],
      "3": [
        0,
        0
      ],
      "4": [
        0,
        0
      ]
    },
    "inputSourceMap": {
      "version": 3,
      "mappings": "AAMI,mBACE,cADF;AANJ,OAAOA,oBAAkB;AAAA;AAAA;AAAA;AAAA;AAAA;AAAA;AAAA;AAAA;AAAA;AAAA;AAAA;AAAA;AAAA;AACzB,SAASC,cAAc;AACvB,OAAOC,YAAY;AAEnB,SAASC,SAAS;AAChB,SACE,mCACE;AAAA,2BAAC,YAAD;AAAA;AAAA;AAAA;AAAA,WAAO;AAAA,IACP,uBAAC,UAAK,WAAU,QACd,iCAAC,YAAD;AAAA;AAAA;AAAA;AAAA,WAAO,KADT;AAAA;AAAA;AAAA;AAAA,WAEA;AAAA,OAJF;AAAA;AAAA;AAAA;AAAA,SAKA;AAEJ;AAACC,KATQD;AAWT,eAAeA;AAAO;AAAAE",
      "names": [
        "React",
        "Outlet",
        "Header",
        "Layout",
        "_c",
        "$RefreshReg$"
      ],
      "sources": [
        "/Users/vitalidreko/Programming/React/rs-react/src/components/Layout/Layout.tsx"
      ],
      "file": "/Users/vitalidreko/Programming/React/rs-react/src/components/Layout/Layout.tsx"
    },
    "_coverageSchema": "1a1c01bbd47fc00a2c39e90264f33305004495a9",
    "hash": "ef0e16204eaaa6459f7556853617c5f46201e866"
  },
  "/Users/vitalidreko/Programming/React/rs-react/src/pages/About.tsx": {
    "path": "/Users/vitalidreko/Programming/React/rs-react/src/pages/About.tsx",
    "statementMap": {
      "0": {
        "start": {
          "line": 5,
          "column": 0
        },
        "end": {
          "line": 15,
          "column": 1
        }
      },
      "1": {
        "start": {
          "line": 6,
          "column": 2
        },
        "end": {
          "line": 8,
          "column": 3
        }
      },
      "2": {
        "start": {
          "line": 7,
          "column": 4
        },
        "end": {
          "line": 7,
          "column": 165
        }
      },
      "3": {
        "start": {
          "line": 9,
          "column": 2
        },
        "end": {
          "line": 9,
          "column": 39
        }
      },
      "4": {
        "start": {
          "line": 10,
          "column": 2
        },
        "end": {
          "line": 10,
          "column": 39
        }
      },
      "5": {
        "start": {
          "line": 11,
          "column": 2
        },
        "end": {
          "line": 13,
          "column": 4
        }
      },
      "6": {
        "start": {
          "line": 12,
          "column": 4
        },
        "end": {
          "line": 12,
          "column": 109
        }
      },
      "7": {
        "start": {
          "line": 14,
          "column": 2
        },
        "end": {
          "line": 14,
          "column": 75
        }
      },
      "8": {
        "start": {
          "line": 18,
          "column": 2
        },
        "end": {
          "line": 33,
          "column": 11
        }
      },
      "9": {
        "start": {
          "line": 35,
          "column": 0
        },
        "end": {
          "line": 35,
          "column": 11
        }
      },
      "10": {
        "start": {
          "line": 38,
          "column": 0
        },
        "end": {
          "line": 38,
          "column": 26
        }
      },
      "11": {
        "start": {
          "line": 39,
          "column": 0
        },
        "end": {
          "line": 55,
          "column": 1
        }
      },
      "12": {
        "start": {
          "line": 40,
          "column": 2
        },
        "end": {
          "line": 40,
          "column": 39
        }
      },
      "13": {
        "start": {
          "line": 41,
          "column": 2
        },
        "end": {
          "line": 41,
          "column": 39
        }
      },
      "14": {
        "start": {
          "line": 42,
          "column": 2
        },
        "end": {
          "line": 54,
          "column": 5
        }
      },
      "15": {
        "start": {
          "line": 46,
          "column": 4
        },
        "end": {
          "line": 46,
          "column": 135
        }
      },
      "16": {
        "start": {
          "line": 47,
          "column": 4
        },
        "end": {
          "line": 53,
          "column": 7
        }
      },
      "17": {
        "start": {
          "line": 48,
          "column": 6
        },
        "end": {
          "line": 49,
          "column": 15
        }
      },
      "18": {
        "start": {
          "line": 49,
          "column": 8
        },
        "end": {
          "line": 49,
          "column": 15
        }
      },
      "19": {
        "start": {
          "line": 50,
          "column": 32
        },
        "end": {
          "line": 50,
          "column": 115
        }
      },
      "20": {
        "start": {
          "line": 51,
          "column": 6
        },
        "end": {
          "line": 52,
          "column": 54
        }
      },
      "21": {
        "start": {
          "line": 52,
          "column": 8
        },
        "end": {
          "line": 52,
          "column": 54
        }
      }
    },
    "fnMap": {
      "0": {
        "name": "(anonymous_0)",
        "decl": {
          "start": {
            "line": 11,
            "column": 24
          },
          "end": {
            "line": 11,
            "column": 25
          }
        },
        "loc": {
          "start": {
            "line": 11,
            "column": 38
          },
          "end": {
            "line": 13,
            "column": 3
          }
        },
        "line": 11
      },
      "1": {
        "name": "About",
        "decl": {
          "start": {
            "line": 17,
            "column": 9
          },
          "end": {
            "line": 17,
            "column": 14
          }
        },
        "loc": {
          "start": {
            "line": 17,
            "column": 17
          },
          "end": {
            "line": 34,
            "column": 1
          }
        },
        "line": 17
      },
      "2": {
        "name": "(anonymous_2)",
        "decl": {
          "start": {
            "line": 45,
            "column": 9
          },
          "end": {
            "line": 45,
            "column": 10
          }
        },
        "loc": {
          "start": {
            "line": 45,
            "column": 29
          },
          "end": {
            "line": 54,
            "column": 3
          }
        },
        "line": 45
      },
      "3": {
        "name": "(anonymous_3)",
        "decl": {
          "start": {
            "line": 47,
            "column": 27
          },
          "end": {
            "line": 47,
            "column": 28
          }
        },
        "loc": {
          "start": {
            "line": 47,
            "column": 44
          },
          "end": {
            "line": 53,
            "column": 5
          }
        },
        "line": 47
      }
    },
    "branchMap": {
      "0": {
        "loc": {
          "start": {
            "line": 5,
            "column": 0
          },
          "end": {
            "line": 15,
            "column": 1
          }
        },
        "type": "if",
        "locations": [
          {
            "start": {
              "line": 5,
              "column": 0
            },
            "end": {
              "line": 15,
              "column": 1
            }
          },
          {
            "start": {},
            "end": {}
          }
        ],
        "line": 5
      },
      "1": {
        "loc": {
          "start": {
            "line": 6,
            "column": 2
          },
          "end": {
            "line": 8,
            "column": 3
          }
        },
        "type": "if",
        "locations": [
          {
            "start": {
              "line": 6,
              "column": 2
            },
            "end": {
              "line": 8,
              "column": 3
            }
          },
          {
            "start": {},
            "end": {}
          }
        ],
        "line": 6
      },
      "2": {
        "loc": {
          "start": {
            "line": 39,
            "column": 0
          },
          "end": {
            "line": 55,
            "column": 1
          }
        },
        "type": "if",
        "locations": [
          {
            "start": {
              "line": 39,
              "column": 0
            },
            "end": {
              "line": 55,
              "column": 1
            }
          },
          {
            "start": {},
            "end": {}
          }
        ],
        "line": 39
      },
      "3": {
        "loc": {
          "start": {
            "line": 48,
            "column": 6
          },
          "end": {
            "line": 49,
            "column": 15
          }
        },
        "type": "if",
        "locations": [
          {
            "start": {
              "line": 48,
              "column": 6
            },
            "end": {
              "line": 49,
              "column": 15
            }
          },
          {
            "start": {},
            "end": {}
          }
        ],
        "line": 48
      },
      "4": {
        "loc": {
          "start": {
            "line": 51,
            "column": 6
          },
          "end": {
            "line": 52,
            "column": 54
          }
        },
        "type": "if",
        "locations": [
          {
            "start": {
              "line": 51,
              "column": 6
            },
            "end": {
              "line": 52,
              "column": 54
            }
          },
          {
            "start": {},
            "end": {}
          }
        ],
        "line": 51
      }
    },
    "s": {
      "0": 3,
      "1": 3,
      "2": 0,
      "3": 3,
      "4": 3,
      "5": 3,
      "6": 3,
      "7": 3,
      "8": 0,
      "9": 3,
      "10": 3,
      "11": 3,
      "12": 3,
      "13": 3,
      "14": 3,
      "15": 2,
      "16": 2,
      "17": 0,
      "18": 0,
      "19": 0,
      "20": 0,
      "21": 0
    },
    "f": {
      "0": 3,
      "1": 0,
      "2": 2,
      "3": 0
    },
    "b": {
      "0": [
        3,
        0
      ],
      "1": [
        0,
        3
      ],
      "2": [
        3,
        0
      ],
      "3": [
        0,
        0
      ],
      "4": [
        0,
        0
      ]
    },
    "inputSourceMap": {
      "version": 3,
      "mappings": "AAMM;AANN,OAAOA,oBAAkB;AAAA;AAAA;AAAA;AAAA;AAAA;AAAA;AAAA;AAAA;AAAA;AAAA;AAAA;AAAA;AAAA;AACzB,OAAO;AAEP,SAASC,QAAQ;AACf,SACE,uBAAC,SAAI,WAAU,cACb;AAAA,2BAAC,QAAG,6BAAJ;AAAA;AAAA;AAAA;AAAA,WAAiB;AAAA,IACjB,uBAAC,OAAE,oEAAH;AAAA;AAAA;AAAA;AAAA,WAA8D;AAAA,OAFhE;AAAA;AAAA;AAAA;AAAA,SAGA;AAEJ;AAACC,KAPQD;AAST,eAAeA;AAAM;AAAAE",
      "names": [
        "React",
        "About",
        "_c",
        "$RefreshReg$"
      ],
      "sources": [
        "/Users/vitalidreko/Programming/React/rs-react/src/pages/About.tsx"
      ],
      "file": "/Users/vitalidreko/Programming/React/rs-react/src/pages/About.tsx"
    },
    "_coverageSchema": "1a1c01bbd47fc00a2c39e90264f33305004495a9",
    "hash": "a07fc24e126dffd1b8e22f6b116d0b9a6844df96"
  },
  "/Users/vitalidreko/Programming/React/rs-react/src/store/hooks/redux.ts": {
    "path": "/Users/vitalidreko/Programming/React/rs-react/src/store/hooks/redux.ts",
    "statementMap": {
      "0": {
        "start": {
          "line": 2,
          "column": 30
        },
        "end": {
          "line": 2,
          "column": 49
        }
      },
      "1": {
        "start": {
          "line": 2,
          "column": 36
        },
        "end": {
          "line": 2,
          "column": 49
        }
      },
      "2": {
        "start": {
          "line": 3,
          "column": 30
        },
        "end": {
          "line": 3,
          "column": 41
        }
      }
    },
    "fnMap": {
      "0": {
        "name": "(anonymous_0)",
        "decl": {
          "start": {
            "line": 2,
            "column": 30
          },
          "end": {
            "line": 2,
            "column": 31
          }
        },
        "loc": {
          "start": {
            "line": 2,
            "column": 36
          },
          "end": {
            "line": 2,
            "column": 49
          }
        },
        "line": 2
      }
    },
    "branchMap": {},
    "s": {
      "0": 3,
      "1": 7,
      "2": 3
    },
    "f": {
      "0": 7
    },
    "b": {},
    "inputSourceMap": {
      "version": 3,
      "sources": [
        "/Users/vitalidreko/Programming/React/rs-react/src/store/hooks/redux.ts"
      ],
      "mappings": "AAAA,SAA+B,aAAa,mBAAmB;AAGxD,aAAM,iBAAiB,MAAM,YAAyB;AACtD,aAAM,iBAAkD;",
      "names": []
    },
    "_coverageSchema": "1a1c01bbd47fc00a2c39e90264f33305004495a9",
    "hash": "1cc1d111c4246861e25908f54dc6d6876627416e"
  },
  "/Users/vitalidreko/Programming/React/rs-react/src/store/reducers/searchTextSlice.ts": {
    "path": "/Users/vitalidreko/Programming/React/rs-react/src/store/reducers/searchTextSlice.ts",
    "statementMap": {
      "0": {
        "start": {
          "line": 2,
          "column": 21
        },
        "end": {
          "line": 5,
          "column": 1
        }
      },
      "1": {
        "start": {
          "line": 6,
          "column": 31
        },
        "end": {
          "line": 17,
          "column": 2
        }
      },
      "2": {
        "start": {
          "line": 11,
          "column": 6
        },
        "end": {
          "line": 11,
          "column": 45
        }
      },
      "3": {
        "start": {
          "line": 14,
          "column": 6
        },
        "end": {
          "line": 14,
          "column": 44
        }
      }
    },
    "fnMap": {
      "0": {
        "name": "(anonymous_0)",
        "decl": {
          "start": {
            "line": 10,
            "column": 4
          },
          "end": {
            "line": 10,
            "column": 5
          }
        },
        "loc": {
          "start": {
            "line": 10,
            "column": 38
          },
          "end": {
            "line": 12,
            "column": 5
          }
        },
        "line": 10
      },
      "1": {
        "name": "(anonymous_1)",
        "decl": {
          "start": {
            "line": 13,
            "column": 4
          },
          "end": {
            "line": 13,
            "column": 5
          }
        },
        "loc": {
          "start": {
            "line": 13,
            "column": 38
          },
          "end": {
            "line": 15,
            "column": 5
          }
        },
        "line": 13
      }
    },
    "branchMap": {},
    "s": {
      "0": 3,
      "1": 3,
      "2": 0,
      "3": 0
    },
    "f": {
      "0": 0,
      "1": 0
    },
    "b": {},
    "inputSourceMap": {
      "version": 3,
      "sources": [
        "/Users/vitalidreko/Programming/React/rs-react/src/store/reducers/searchTextSlice.ts"
      ],
      "mappings": "AAAA,SAAwB,mBAAmB;AAO3C,MAAM,eAAgC;AAAA,EACpC,iBAAiB;AAAA,EACjB,gBAAgB;AAClB;AAEO,aAAM,kBAAkB,YAAY;AAAA,EACzC,MAAM;AAAA,EACN;AAAA,EACA,UAAU;AAAA,IACR,mBAAmB,OAAO,QAA+B;AACvD,YAAM,kBAAkB,OAAO;AAAA,IACjC;AAAA,IACA,mBAAmB,OAAO,QAA+B;AACvD,YAAM,iBAAiB,OAAO;AAAA,IAChC;AAAA,EACF;AACF,CAAC;AAED,eAAe,gBAAgB;",
      "names": []
    },
    "_coverageSchema": "1a1c01bbd47fc00a2c39e90264f33305004495a9",
    "hash": "1f25841b79a4aa993cec6f567fb31b053cf15528"
  },
  "/Users/vitalidreko/Programming/React/rs-react/src/components/Search/Search.tsx": {
    "path": "/Users/vitalidreko/Programming/React/rs-react/src/components/Search/Search.tsx",
    "statementMap": {
      "0": {
        "start": {
          "line": 5,
          "column": 0
        },
        "end": {
          "line": 15,
          "column": 1
        }
      },
      "1": {
        "start": {
          "line": 6,
          "column": 2
        },
        "end": {
          "line": 8,
          "column": 3
        }
      },
      "2": {
        "start": {
          "line": 7,
          "column": 4
        },
        "end": {
          "line": 7,
          "column": 165
        }
      },
      "3": {
        "start": {
          "line": 9,
          "column": 2
        },
        "end": {
          "line": 9,
          "column": 39
        }
      },
      "4": {
        "start": {
          "line": 10,
          "column": 2
        },
        "end": {
          "line": 10,
          "column": 39
        }
      },
      "5": {
        "start": {
          "line": 11,
          "column": 2
        },
        "end": {
          "line": 13,
          "column": 4
        }
      },
      "6": {
        "start": {
          "line": 12,
          "column": 4
        },
        "end": {
          "line": 12,
          "column": 122
        }
      },
      "7": {
        "start": {
          "line": 14,
          "column": 2
        },
        "end": {
          "line": 14,
          "column": 75
        }
      },
      "8": {
        "start": {
          "line": 16,
          "column": 9
        },
        "end": {
          "line": 16,
          "column": 23
        }
      },
      "9": {
        "start": {
          "line": 26,
          "column": 2
        },
        "end": {
          "line": 26,
          "column": 7
        }
      },
      "10": {
        "start": {
          "line": 29,
          "column": 6
        },
        "end": {
          "line": 29,
          "column": 56
        }
      },
      "11": {
        "start": {
          "line": 29,
          "column": 32
        },
        "end": {
          "line": 29,
          "column": 55
        }
      },
      "12": {
        "start": {
          "line": 32,
          "column": 6
        },
        "end": {
          "line": 32,
          "column": 29
        }
      },
      "13": {
        "start": {
          "line": 33,
          "column": 19
        },
        "end": {
          "line": 33,
          "column": 35
        }
      },
      "14": {
        "start": {
          "line": 34,
          "column": 22
        },
        "end": {
          "line": 36,
          "column": 3
        }
      },
      "15": {
        "start": {
          "line": 35,
          "column": 4
        },
        "end": {
          "line": 35,
          "column": 49
        }
      },
      "16": {
        "start": {
          "line": 37,
          "column": 2
        },
        "end": {
          "line": 39,
          "column": 5
        }
      },
      "17": {
        "start": {
          "line": 38,
          "column": 4
        },
        "end": {
          "line": 38,
          "column": 63
        }
      },
      "18": {
        "start": {
          "line": 40,
          "column": 2
        },
        "end": {
          "line": 63,
          "column": 11
        }
      },
      "19": {
        "start": {
          "line": 65,
          "column": 0
        },
        "end": {
          "line": 67,
          "column": 3
        }
      },
      "20": {
        "start": {
          "line": 66,
          "column": 2
        },
        "end": {
          "line": 66,
          "column": 42
        }
      },
      "21": {
        "start": {
          "line": 68,
          "column": 0
        },
        "end": {
          "line": 68,
          "column": 12
        }
      },
      "22": {
        "start": {
          "line": 71,
          "column": 0
        },
        "end": {
          "line": 71,
          "column": 27
        }
      },
      "23": {
        "start": {
          "line": 72,
          "column": 0
        },
        "end": {
          "line": 88,
          "column": 1
        }
      },
      "24": {
        "start": {
          "line": 73,
          "column": 2
        },
        "end": {
          "line": 73,
          "column": 39
        }
      },
      "25": {
        "start": {
          "line": 74,
          "column": 2
        },
        "end": {
          "line": 74,
          "column": 39
        }
      },
      "26": {
        "start": {
          "line": 75,
          "column": 2
        },
        "end": {
          "line": 87,
          "column": 5
        }
      },
      "27": {
        "start": {
          "line": 79,
          "column": 4
        },
        "end": {
          "line": 79,
          "column": 148
        }
      },
      "28": {
        "start": {
          "line": 80,
          "column": 4
        },
        "end": {
          "line": 86,
          "column": 7
        }
      },
      "29": {
        "start": {
          "line": 81,
          "column": 6
        },
        "end": {
          "line": 82,
          "column": 15
        }
      },
      "30": {
        "start": {
          "line": 82,
          "column": 8
        },
        "end": {
          "line": 82,
          "column": 15
        }
      },
      "31": {
        "start": {
          "line": 83,
          "column": 32
        },
        "end": {
          "line": 83,
          "column": 115
        }
      },
      "32": {
        "start": {
          "line": 84,
          "column": 6
        },
        "end": {
          "line": 85,
          "column": 54
        }
      },
      "33": {
        "start": {
          "line": 85,
          "column": 8
        },
        "end": {
          "line": 85,
          "column": 54
        }
      }
    },
    "fnMap": {
      "0": {
        "name": "(anonymous_0)",
        "decl": {
          "start": {
            "line": 11,
            "column": 24
          },
          "end": {
            "line": 11,
            "column": 25
          }
        },
        "loc": {
          "start": {
            "line": 11,
            "column": 38
          },
          "end": {
            "line": 13,
            "column": 3
          }
        },
        "line": 11
      },
      "1": {
        "name": "Search",
        "decl": {
          "start": {
            "line": 22,
            "column": 9
          },
          "end": {
            "line": 22,
            "column": 15
          }
        },
        "loc": {
          "start": {
            "line": 25,
            "column": 3
          },
          "end": {
            "line": 64,
            "column": 1
          }
        },
        "line": 25
      },
      "2": {
        "name": "(anonymous_2)",
        "decl": {
          "start": {
            "line": 29,
            "column": 21
          },
          "end": {
            "line": 29,
            "column": 22
          }
        },
        "loc": {
          "start": {
            "line": 29,
            "column": 32
          },
          "end": {
            "line": 29,
            "column": 55
          }
        },
        "line": 29
      },
      "3": {
        "name": "(anonymous_3)",
        "decl": {
          "start": {
            "line": 34,
            "column": 22
          },
          "end": {
            "line": 34,
            "column": 23
          }
        },
        "loc": {
          "start": {
            "line": 34,
            "column": 29
          },
          "end": {
            "line": 36,
            "column": 3
          }
        },
        "line": 34
      },
      "4": {
        "name": "(anonymous_4)",
        "decl": {
          "start": {
            "line": 37,
            "column": 12
          },
          "end": {
            "line": 37,
            "column": 13
          }
        },
        "loc": {
          "start": {
            "line": 37,
            "column": 18
          },
          "end": {
            "line": 39,
            "column": 3
          }
        },
        "line": 37
      },
      "5": {
        "name": "(anonymous_5)",
        "decl": {
          "start": {
            "line": 65,
            "column": 50
          },
          "end": {
            "line": 65,
            "column": 51
          }
        },
        "loc": {
          "start": {
            "line": 65,
            "column": 61
          },
          "end": {
            "line": 67,
            "column": 1
          }
        },
        "line": 65
      },
      "6": {
        "name": "(anonymous_6)",
        "decl": {
          "start": {
            "line": 78,
            "column": 9
          },
          "end": {
            "line": 78,
            "column": 10
          }
        },
        "loc": {
          "start": {
            "line": 78,
            "column": 29
          },
          "end": {
            "line": 87,
            "column": 3
          }
        },
        "line": 78
      },
      "7": {
        "name": "(anonymous_7)",
        "decl": {
          "start": {
            "line": 80,
            "column": 27
          },
          "end": {
            "line": 80,
            "column": 28
          }
        },
        "loc": {
          "start": {
            "line": 80,
            "column": 44
          },
          "end": {
            "line": 86,
            "column": 5
          }
        },
        "line": 80
      }
    },
    "branchMap": {
      "0": {
        "loc": {
          "start": {
            "line": 5,
            "column": 0
          },
          "end": {
            "line": 15,
            "column": 1
          }
        },
        "type": "if",
        "locations": [
          {
            "start": {
              "line": 5,
              "column": 0
            },
            "end": {
              "line": 15,
              "column": 1
            }
          },
          {
            "start": {},
            "end": {}
          }
        ],
        "line": 5
      },
      "1": {
        "loc": {
          "start": {
            "line": 6,
            "column": 2
          },
          "end": {
            "line": 8,
            "column": 3
          }
        },
        "type": "if",
        "locations": [
          {
            "start": {
              "line": 6,
              "column": 2
            },
            "end": {
              "line": 8,
              "column": 3
            }
          },
          {
            "start": {},
            "end": {}
          }
        ],
        "line": 6
      },
      "2": {
        "loc": {
          "start": {
            "line": 72,
            "column": 0
          },
          "end": {
            "line": 88,
            "column": 1
          }
        },
        "type": "if",
        "locations": [
          {
            "start": {
              "line": 72,
              "column": 0
            },
            "end": {
              "line": 88,
              "column": 1
            }
          },
          {
            "start": {},
            "end": {}
          }
        ],
        "line": 72
      },
      "3": {
        "loc": {
          "start": {
            "line": 81,
            "column": 6
          },
          "end": {
            "line": 82,
            "column": 15
          }
        },
        "type": "if",
        "locations": [
          {
            "start": {
              "line": 81,
              "column": 6
            },
            "end": {
              "line": 82,
              "column": 15
            }
          },
          {
            "start": {},
            "end": {}
          }
        ],
        "line": 81
      },
      "4": {
        "loc": {
          "start": {
            "line": 84,
            "column": 6
          },
          "end": {
            "line": 85,
            "column": 54
          }
        },
        "type": "if",
        "locations": [
          {
            "start": {
              "line": 84,
              "column": 6
            },
            "end": {
              "line": 85,
              "column": 54
            }
          },
          {
            "start": {},
            "end": {}
          }
        ],
        "line": 84
      }
    },
    "s": {
      "0": 3,
      "1": 3,
      "2": 0,
      "3": 3,
      "4": 3,
      "5": 3,
      "6": 3,
      "7": 3,
      "8": 3,
      "9": 0,
      "10": 0,
      "11": 0,
      "12": 0,
      "13": 0,
      "14": 0,
      "15": 0,
      "16": 0,
      "17": 0,
      "18": 0,
      "19": 3,
      "20": 0,
      "21": 3,
      "22": 3,
      "23": 3,
      "24": 3,
      "25": 3,
      "26": 3,
      "27": 2,
      "28": 2,
      "29": 0,
      "30": 0,
      "31": 0,
      "32": 0,
      "33": 0
    },
    "f": {
      "0": 3,
      "1": 0,
      "2": 0,
      "3": 0,
      "4": 0,
      "5": 0,
      "6": 2,
      "7": 0
    },
    "b": {
      "0": [
        3,
        0
      ],
      "1": [
        0,
        3
      ],
      "2": [
        3,
        0
      ],
      "3": [
        0,
        0
      ],
      "4": [
        0,
        0
      ]
    },
    "inputSourceMap": {
      "version": 3,
      "mappings": "AA6BQ;;;;;;;;;;;;;;;;AA7BR,SAAgBA,iBAAiB;AACjC,OAAO;AACP,SAASC,kBAAkBC,YAAY;AACvC,SAASC,gBAAgBC,sBAAsB;AAC/C,SAASC,uBAAuB;AAOhC,SAASC,OAAO;AAAA,EAAEC;AAAAA,EAAWC;AAA0B,GAAG;AAAAC;AACxD,QAAM;AAAA,IAAEC;AAAAA,EAAgB,IAAIN,eACzBO,WAAUA,MAAMC,iBACnB;AACA,QAAM;AAAA,IAAEC;AAAAA,EAAmB,IAAIR,gBAAgBS;AAC/C,QAAMC,WAAWZ,eAAe;AAEhC,QAAMa,cAAcA,CAACC,MAAiD;AACpEF,aAASF,mBAAmBI,EAAEC,OAAOC,KAAK,CAAC;AAAA,EAC7C;AAEAnB,YAAU,MAAM;AACd,WAAOoB,aAAaC,QAAQ,cAAcX,eAAe;AAAA,EAC3D,CAAC;AAED,SACE,uBAAC,SAAI,WAAU,kBACb,iCAAC,UAAK,WAAU,eAAc,UAAUF,cACtC;AAAA,2BAAC,WACC,WAAU,gBACV,aAAY,oBACZ,UAAUQ,aACV,OAAON,iBACP,KAAKH,aALP;AAAA;AAAA;AAAA;AAAA,WAKiB;AAAA,IAEjB,uBAAC,YAAO,WAAU,iBAAgB,MAAK,UACrC,iCAAC,QAAK,WAAU,QAAO,MAAK,WAA5B;AAAA;AAAA;AAAA;AAAA,WAAmC,KADrC;AAAA;AAAA;AAAA;AAAA,WAEA;AAAA,OAVF;AAAA;AAAA;AAAA;AAAA,SAWA,KAZF;AAAA;AAAA;AAAA;AAAA,SAaA;AAEJ;AAACE,GA/BQH,QAAM;AAAA,UACeF,gBAIXD,cAAc;AAAA;AAAAmB,KALxBhB;AAiCT,eAAeA;AAAO;AAAAiB",
      "names": [
        "useEffect",
        "ReactComponent",
        "Loop",
        "useAppDispatch",
        "useAppSelector",
        "searchTextSlice",
        "Search",
        "reference",
        "onFormSubmit",
        "_s",
        "searchTextValue",
        "state",
        "searchTextReducer",
        "setSearchTextValue",
        "actions",
        "dispatch",
        "inputChange",
        "e",
        "target",
        "value",
        "localStorage",
        "setItem",
        "_c",
        "$RefreshReg$"
      ],
      "sources": [
        "/Users/vitalidreko/Programming/React/rs-react/src/components/Search/Search.tsx"
      ],
      "file": "/Users/vitalidreko/Programming/React/rs-react/src/components/Search/Search.tsx"
    },
    "_coverageSchema": "1a1c01bbd47fc00a2c39e90264f33305004495a9",
    "hash": "eccf4558a2be47e1f3e29062f22e2d29b5a77f57"
  },
  "/Users/vitalidreko/Programming/React/rs-react/src/components/Loading/Loading.tsx": {
    "path": "/Users/vitalidreko/Programming/React/rs-react/src/components/Loading/Loading.tsx",
    "statementMap": {
      "0": {
        "start": {
          "line": 5,
          "column": 0
        },
        "end": {
          "line": 15,
          "column": 1
        }
      },
      "1": {
        "start": {
          "line": 6,
          "column": 2
        },
        "end": {
          "line": 8,
          "column": 3
        }
      },
      "2": {
        "start": {
          "line": 7,
          "column": 4
        },
        "end": {
          "line": 7,
          "column": 165
        }
      },
      "3": {
        "start": {
          "line": 9,
          "column": 2
        },
        "end": {
          "line": 9,
          "column": 39
        }
      },
      "4": {
        "start": {
          "line": 10,
          "column": 2
        },
        "end": {
          "line": 10,
          "column": 39
        }
      },
      "5": {
        "start": {
          "line": 11,
          "column": 2
        },
        "end": {
          "line": 13,
          "column": 4
        }
      },
      "6": {
        "start": {
          "line": 12,
          "column": 4
        },
        "end": {
          "line": 12,
          "column": 124
        }
      },
      "7": {
        "start": {
          "line": 14,
          "column": 2
        },
        "end": {
          "line": 14,
          "column": 75
        }
      },
      "8": {
        "start": {
          "line": 21,
          "column": 2
        },
        "end": {
          "line": 22,
          "column": 16
        }
      },
      "9": {
        "start": {
          "line": 22,
          "column": 4
        },
        "end": {
          "line": 22,
          "column": 16
        }
      },
      "10": {
        "start": {
          "line": 23,
          "column": 2
        },
        "end": {
          "line": 31,
          "column": 11
        }
      },
      "11": {
        "start": {
          "line": 33,
          "column": 0
        },
        "end": {
          "line": 33,
          "column": 13
        }
      },
      "12": {
        "start": {
          "line": 36,
          "column": 0
        },
        "end": {
          "line": 36,
          "column": 28
        }
      },
      "13": {
        "start": {
          "line": 37,
          "column": 0
        },
        "end": {
          "line": 53,
          "column": 1
        }
      },
      "14": {
        "start": {
          "line": 38,
          "column": 2
        },
        "end": {
          "line": 38,
          "column": 39
        }
      },
      "15": {
        "start": {
          "line": 39,
          "column": 2
        },
        "end": {
          "line": 39,
          "column": 39
        }
      },
      "16": {
        "start": {
          "line": 40,
          "column": 2
        },
        "end": {
          "line": 52,
          "column": 5
        }
      },
      "17": {
        "start": {
          "line": 44,
          "column": 4
        },
        "end": {
          "line": 44,
          "column": 150
        }
      },
      "18": {
        "start": {
          "line": 45,
          "column": 4
        },
        "end": {
          "line": 51,
          "column": 7
        }
      },
      "19": {
        "start": {
          "line": 46,
          "column": 6
        },
        "end": {
          "line": 47,
          "column": 15
        }
      },
      "20": {
        "start": {
          "line": 47,
          "column": 8
        },
        "end": {
          "line": 47,
          "column": 15
        }
      },
      "21": {
        "start": {
          "line": 48,
          "column": 32
        },
        "end": {
          "line": 48,
          "column": 115
        }
      },
      "22": {
        "start": {
          "line": 49,
          "column": 6
        },
        "end": {
          "line": 50,
          "column": 54
        }
      },
      "23": {
        "start": {
          "line": 50,
          "column": 8
        },
        "end": {
          "line": 50,
          "column": 54
        }
      }
    },
    "fnMap": {
      "0": {
        "name": "(anonymous_0)",
        "decl": {
          "start": {
            "line": 11,
            "column": 24
          },
          "end": {
            "line": 11,
            "column": 25
          }
        },
        "loc": {
          "start": {
            "line": 11,
            "column": 38
          },
          "end": {
            "line": 13,
            "column": 3
          }
        },
        "line": 11
      },
      "1": {
        "name": "Loading",
        "decl": {
          "start": {
            "line": 18,
            "column": 9
          },
          "end": {
            "line": 18,
            "column": 16
          }
        },
        "loc": {
          "start": {
            "line": 20,
            "column": 3
          },
          "end": {
            "line": 32,
            "column": 1
          }
        },
        "line": 20
      },
      "2": {
        "name": "(anonymous_2)",
        "decl": {
          "start": {
            "line": 43,
            "column": 9
          },
          "end": {
            "line": 43,
            "column": 10
          }
        },
        "loc": {
          "start": {
            "line": 43,
            "column": 29
          },
          "end": {
            "line": 52,
            "column": 3
          }
        },
        "line": 43
      },
      "3": {
        "name": "(anonymous_3)",
        "decl": {
          "start": {
            "line": 45,
            "column": 27
          },
          "end": {
            "line": 45,
            "column": 28
          }
        },
        "loc": {
          "start": {
            "line": 45,
            "column": 44
          },
          "end": {
            "line": 51,
            "column": 5
          }
        },
        "line": 45
      }
    },
    "branchMap": {
      "0": {
        "loc": {
          "start": {
            "line": 5,
            "column": 0
          },
          "end": {
            "line": 15,
            "column": 1
          }
        },
        "type": "if",
        "locations": [
          {
            "start": {
              "line": 5,
              "column": 0
            },
            "end": {
              "line": 15,
              "column": 1
            }
          },
          {
            "start": {},
            "end": {}
          }
        ],
        "line": 5
      },
      "1": {
        "loc": {
          "start": {
            "line": 6,
            "column": 2
          },
          "end": {
            "line": 8,
            "column": 3
          }
        },
        "type": "if",
        "locations": [
          {
            "start": {
              "line": 6,
              "column": 2
            },
            "end": {
              "line": 8,
              "column": 3
            }
          },
          {
            "start": {},
            "end": {}
          }
        ],
        "line": 6
      },
      "2": {
        "loc": {
          "start": {
            "line": 21,
            "column": 2
          },
          "end": {
            "line": 22,
            "column": 16
          }
        },
        "type": "if",
        "locations": [
          {
            "start": {
              "line": 21,
              "column": 2
            },
            "end": {
              "line": 22,
              "column": 16
            }
          },
          {
            "start": {},
            "end": {}
          }
        ],
        "line": 21
      },
      "3": {
        "loc": {
          "start": {
            "line": 37,
            "column": 0
          },
          "end": {
            "line": 53,
            "column": 1
          }
        },
        "type": "if",
        "locations": [
          {
            "start": {
              "line": 37,
              "column": 0
            },
            "end": {
              "line": 53,
              "column": 1
            }
          },
          {
            "start": {},
            "end": {}
          }
        ],
        "line": 37
      },
      "4": {
        "loc": {
          "start": {
            "line": 46,
            "column": 6
          },
          "end": {
            "line": 47,
            "column": 15
          }
        },
        "type": "if",
        "locations": [
          {
            "start": {
              "line": 46,
              "column": 6
            },
            "end": {
              "line": 47,
              "column": 15
            }
          },
          {
            "start": {},
            "end": {}
          }
        ],
        "line": 46
      },
      "5": {
        "loc": {
          "start": {
            "line": 49,
            "column": 6
          },
          "end": {
            "line": 50,
            "column": 54
          }
        },
        "type": "if",
        "locations": [
          {
            "start": {
              "line": 49,
              "column": 6
            },
            "end": {
              "line": 50,
              "column": 54
            }
          },
          {
            "start": {},
            "end": {}
          }
        ],
        "line": 49
      }
    },
    "s": {
      "0": 3,
      "1": 3,
      "2": 0,
      "3": 3,
      "4": 3,
      "5": 3,
      "6": 3,
      "7": 3,
      "8": 0,
      "9": 0,
      "10": 0,
      "11": 3,
      "12": 3,
      "13": 3,
      "14": 3,
      "15": 3,
      "16": 3,
      "17": 2,
      "18": 2,
      "19": 0,
      "20": 0,
      "21": 0,
      "22": 0,
      "23": 0
    },
    "f": {
      "0": 3,
      "1": 0,
      "2": 2,
      "3": 0
    },
    "b": {
      "0": [
        3,
        0
      ],
      "1": [
        0,
        3
      ],
      "2": [
        0,
        0
      ],
      "3": [
        3,
        0
      ],
      "4": [
        0,
        0
      ],
      "5": [
        0,
        0
      ]
    },
    "inputSourceMap": {
      "version": 3,
      "mappings": "AAYM;AAZN,OAAOA,oBAAkB;AAAA;AAAA;AAAA;AAAA;AAAA;AAAA;AAAA;AAAA;AAAA;AAAA;AAAA;AAAA;AAAA;AACzB,OAAO;AACP,SAASC,kBAAkBC,eAAe;AAM1C,SAASC,QAAQ;AAAA,EAAEC;AAAwB,GAAG;AAC5C,MAAI,CAACA;AAAW,WAAO;AACvB,SACE,uBAAC,SAAI,WAAU,mBACb,iCAAC,aAAD;AAAA;AAAA;AAAA;AAAA,SAAQ,KADV;AAAA;AAAA;AAAA;AAAA,SAEA;AAEJ;AAACC,KAPQF;AAST,eAAeA;AAAQ;AAAAG",
      "names": [
        "React",
        "ReactComponent",
        "Spinner",
        "Loading",
        "isLoading",
        "_c",
        "$RefreshReg$"
      ],
      "sources": [
        "/Users/vitalidreko/Programming/React/rs-react/src/components/Loading/Loading.tsx"
      ],
      "file": "/Users/vitalidreko/Programming/React/rs-react/src/components/Loading/Loading.tsx"
    },
    "_coverageSchema": "1a1c01bbd47fc00a2c39e90264f33305004495a9",
    "hash": "f97d5d414e5c75fbfb55db29c1b2194ca27ac364"
  },
  "/Users/vitalidreko/Programming/React/rs-react/src/utility/dateFormatting.ts": {
    "path": "/Users/vitalidreko/Programming/React/rs-react/src/utility/dateFormatting.ts",
    "statementMap": {
      "0": {
        "start": {
          "line": 1,
          "column": 23
        },
        "end": {
          "line": 10,
          "column": 1
        }
      },
      "1": {
        "start": {
          "line": 2,
          "column": 2
        },
        "end": {
          "line": 9,
          "column": 5
        }
      }
    },
    "fnMap": {
      "0": {
        "name": "(anonymous_0)",
        "decl": {
          "start": {
            "line": 1,
            "column": 23
          },
          "end": {
            "line": 1,
            "column": 24
          }
        },
        "loc": {
          "start": {
            "line": 1,
            "column": 33
          },
          "end": {
            "line": 10,
            "column": 1
          }
        },
        "line": 1
      }
    },
    "branchMap": {},
    "s": {
      "0": 3,
      "1": 2
    },
    "f": {
      "0": 2
    },
    "b": {},
    "inputSourceMap": {
      "version": 3,
      "sources": [
        "/Users/vitalidreko/Programming/React/rs-react/src/utility/dateFormatting.ts"
      ],
      "mappings": "AAAA,MAAM,iBAAiB,CAAC,SAAiB;AACvC,SAAO,IAAI,KAAK,IAAI,EAAE,eAAe,SAAS;AAAA,IAC5C,QAAQ;AAAA,IACR,MAAM;AAAA,IACN,MAAM;AAAA,IACN,OAAO;AAAA,IACP,KAAK;AAAA,IACL,QAAQ;AAAA,EACV,CAAC;AACH;AAEA,eAAe;",
      "names": []
    },
    "_coverageSchema": "1a1c01bbd47fc00a2c39e90264f33305004495a9",
    "hash": "76480f77b56cebacf4e0f4cd01f2df6b8d7115d8"
  },
  "/Users/vitalidreko/Programming/React/rs-react/src/components/Card/Card.tsx": {
    "path": "/Users/vitalidreko/Programming/React/rs-react/src/components/Card/Card.tsx",
    "statementMap": {
      "0": {
        "start": {
          "line": 5,
          "column": 0
        },
        "end": {
          "line": 15,
          "column": 1
        }
      },
      "1": {
        "start": {
          "line": 6,
          "column": 2
        },
        "end": {
          "line": 8,
          "column": 3
        }
      },
      "2": {
        "start": {
          "line": 7,
          "column": 4
        },
        "end": {
          "line": 7,
          "column": 165
        }
      },
      "3": {
        "start": {
          "line": 9,
          "column": 2
        },
        "end": {
          "line": 9,
          "column": 39
        }
      },
      "4": {
        "start": {
          "line": 10,
          "column": 2
        },
        "end": {
          "line": 10,
          "column": 39
        }
      },
      "5": {
        "start": {
          "line": 11,
          "column": 2
        },
        "end": {
          "line": 13,
          "column": 4
        }
      },
      "6": {
        "start": {
          "line": 12,
          "column": 4
        },
        "end": {
          "line": 12,
          "column": 118
        }
      },
      "7": {
        "start": {
          "line": 14,
          "column": 2
        },
        "end": {
          "line": 14,
          "column": 75
        }
      },
      "8": {
        "start": {
          "line": 28,
          "column": 6
        },
        "end": {
          "line": 28,
          "column": 13
        }
      },
      "9": {
        "start": {
          "line": 29,
          "column": 24
        },
        "end": {
          "line": 29,
          "column": 78
        }
      },
      "10": {
        "start": {
          "line": 30,
          "column": 23
        },
        "end": {
          "line": 30,
          "column": 50
        }
      },
      "11": {
        "start": {
          "line": 31,
          "column": 2
        },
        "end": {
          "line": 70,
          "column": 11
        }
      },
      "12": {
        "start": {
          "line": 31,
          "column": 105
        },
        "end": {
          "line": 31,
          "column": 123
        }
      },
      "13": {
        "start": {
          "line": 72,
          "column": 0
        },
        "end": {
          "line": 72,
          "column": 10
        }
      },
      "14": {
        "start": {
          "line": 75,
          "column": 0
        },
        "end": {
          "line": 75,
          "column": 25
        }
      },
      "15": {
        "start": {
          "line": 76,
          "column": 0
        },
        "end": {
          "line": 92,
          "column": 1
        }
      },
      "16": {
        "start": {
          "line": 77,
          "column": 2
        },
        "end": {
          "line": 77,
          "column": 39
        }
      },
      "17": {
        "start": {
          "line": 78,
          "column": 2
        },
        "end": {
          "line": 78,
          "column": 39
        }
      },
      "18": {
        "start": {
          "line": 79,
          "column": 2
        },
        "end": {
          "line": 91,
          "column": 5
        }
      },
      "19": {
        "start": {
          "line": 83,
          "column": 4
        },
        "end": {
          "line": 83,
          "column": 144
        }
      },
      "20": {
        "start": {
          "line": 84,
          "column": 4
        },
        "end": {
          "line": 90,
          "column": 7
        }
      },
      "21": {
        "start": {
          "line": 85,
          "column": 6
        },
        "end": {
          "line": 86,
          "column": 15
        }
      },
      "22": {
        "start": {
          "line": 86,
          "column": 8
        },
        "end": {
          "line": 86,
          "column": 15
        }
      },
      "23": {
        "start": {
          "line": 87,
          "column": 32
        },
        "end": {
          "line": 87,
          "column": 115
        }
      },
      "24": {
        "start": {
          "line": 88,
          "column": 6
        },
        "end": {
          "line": 89,
          "column": 54
        }
      },
      "25": {
        "start": {
          "line": 89,
          "column": 8
        },
        "end": {
          "line": 89,
          "column": 54
        }
      }
    },
    "fnMap": {
      "0": {
        "name": "(anonymous_0)",
        "decl": {
          "start": {
            "line": 11,
            "column": 24
          },
          "end": {
            "line": 11,
            "column": 25
          }
        },
        "loc": {
          "start": {
            "line": 11,
            "column": 38
          },
          "end": {
            "line": 13,
            "column": 3
          }
        },
        "line": 11
      },
      "1": {
        "name": "Card",
        "decl": {
          "start": {
            "line": 18,
            "column": 9
          },
          "end": {
            "line": 18,
            "column": 13
          }
        },
        "loc": {
          "start": {
            "line": 22,
            "column": 3
          },
          "end": {
            "line": 71,
            "column": 1
          }
        },
        "line": 22
      },
      "2": {
        "name": "(anonymous_2)",
        "decl": {
          "start": {
            "line": 31,
            "column": 99
          },
          "end": {
            "line": 31,
            "column": 100
          }
        },
        "loc": {
          "start": {
            "line": 31,
            "column": 105
          },
          "end": {
            "line": 31,
            "column": 123
          }
        },
        "line": 31
      },
      "3": {
        "name": "(anonymous_3)",
        "decl": {
          "start": {
            "line": 82,
            "column": 9
          },
          "end": {
            "line": 82,
            "column": 10
          }
        },
        "loc": {
          "start": {
            "line": 82,
            "column": 29
          },
          "end": {
            "line": 91,
            "column": 3
          }
        },
        "line": 82
      },
      "4": {
        "name": "(anonymous_4)",
        "decl": {
          "start": {
            "line": 84,
            "column": 27
          },
          "end": {
            "line": 84,
            "column": 28
          }
        },
        "loc": {
          "start": {
            "line": 84,
            "column": 44
          },
          "end": {
            "line": 90,
            "column": 5
          }
        },
        "line": 84
      }
    },
    "branchMap": {
      "0": {
        "loc": {
          "start": {
            "line": 5,
            "column": 0
          },
          "end": {
            "line": 15,
            "column": 1
          }
        },
        "type": "if",
        "locations": [
          {
            "start": {
              "line": 5,
              "column": 0
            },
            "end": {
              "line": 15,
              "column": 1
            }
          },
          {
            "start": {},
            "end": {}
          }
        ],
        "line": 5
      },
      "1": {
        "loc": {
          "start": {
            "line": 6,
            "column": 2
          },
          "end": {
            "line": 8,
            "column": 3
          }
        },
        "type": "if",
        "locations": [
          {
            "start": {
              "line": 6,
              "column": 2
            },
            "end": {
              "line": 8,
              "column": 3
            }
          },
          {
            "start": {},
            "end": {}
          }
        ],
        "line": 6
      },
      "2": {
        "loc": {
          "start": {
            "line": 29,
            "column": 24
          },
          "end": {
            "line": 29,
            "column": 78
          }
        },
        "type": "cond-expr",
        "locations": [
          {
            "start": {
              "line": 29,
              "column": 44
            },
            "end": {
              "line": 29,
              "column": 70
            }
          },
          {
            "start": {
              "line": 29,
              "column": 73
            },
            "end": {
              "line": 29,
              "column": 78
            }
          }
        ],
        "line": 29
      },
      "3": {
        "loc": {
          "start": {
            "line": 32,
            "column": 116
          },
          "end": {
            "line": 32,
            "column": 177
          }
        },
        "type": "cond-expr",
        "locations": [
          {
            "start": {
              "line": 32,
              "column": 134
            },
            "end": {
              "line": 32,
              "column": 153
            }
          },
          {
            "start": {
              "line": 32,
              "column": 156
            },
            "end": {
              "line": 32,
              "column": 177
            }
          }
        ],
        "line": 32
      },
      "4": {
        "loc": {
          "start": {
            "line": 76,
            "column": 0
          },
          "end": {
            "line": 92,
            "column": 1
          }
        },
        "type": "if",
        "locations": [
          {
            "start": {
              "line": 76,
              "column": 0
            },
            "end": {
              "line": 92,
              "column": 1
            }
          },
          {
            "start": {},
            "end": {}
          }
        ],
        "line": 76
      },
      "5": {
        "loc": {
          "start": {
            "line": 85,
            "column": 6
          },
          "end": {
            "line": 86,
            "column": 15
          }
        },
        "type": "if",
        "locations": [
          {
            "start": {
              "line": 85,
              "column": 6
            },
            "end": {
              "line": 86,
              "column": 15
            }
          },
          {
            "start": {},
            "end": {}
          }
        ],
        "line": 85
      },
      "6": {
        "loc": {
          "start": {
            "line": 88,
            "column": 6
          },
          "end": {
            "line": 89,
            "column": 54
          }
        },
        "type": "if",
        "locations": [
          {
            "start": {
              "line": 88,
              "column": 6
            },
            "end": {
              "line": 89,
              "column": 54
            }
          },
          {
            "start": {},
            "end": {}
          }
        ],
        "line": 88
      }
    },
    "s": {
      "0": 3,
      "1": 3,
      "2": 0,
      "3": 3,
      "4": 3,
      "5": 3,
      "6": 3,
      "7": 3,
      "8": 0,
      "9": 0,
      "10": 0,
      "11": 0,
      "12": 0,
      "13": 3,
      "14": 3,
      "15": 3,
      "16": 3,
      "17": 3,
      "18": 3,
      "19": 2,
      "20": 2,
      "21": 0,
      "22": 0,
      "23": 0,
      "24": 0,
      "25": 0
    },
    "f": {
      "0": 3,
      "1": 0,
      "2": 0,
      "3": 2,
      "4": 0
    },
    "b": {
      "0": [
        3,
        0
      ],
      "1": [
        0,
        3
      ],
      "2": [
        0,
        0
      ],
      "3": [
        0,
        0
      ],
      "4": [
        3,
        0
      ],
      "5": [
        0,
        0
      ],
      "6": [
        0,
        0
      ]
    },
    "inputSourceMap": {
      "version": 3,
      "mappings": "AAuBU;AAvBV,OAAOA,oBAAkB;AAAA;AAAA;AAAA;AAAA;AAAA;AAAA;AAAA;AAAA;AAAA;AAAA;AAAA;AAAA;AAAA;AAEzB,OAAO;AACP,OAAOC,oBAAoB;AAQ3B,SAASC,KAAK;AAAA,EAAEC;AAAAA,EAASC;AAAAA,EAASC;AAAiB,GAAG;AACpD,QAAM;AAAA,IAAEC;AAAAA,IAAOC;AAAAA,IAAcC;AAAAA,IAAYC;AAAAA,EAAY,IAAIL;AACzD,QAAMM,gBAAgBJ,MAAMK,SAAS,KAAM,GAAEL,MAAMM,MAAM,GAAG,EAAE,SAASN;AACvE,QAAMO,eAAeZ,eAAeQ,WAAW;AAC/C,SACE,uBAAC,SACC,WAAU,gBACV,MAAK,gBACL,SAAS,MAAMJ,UAAUF,OAAO,GAEhC,iCAAC,SAAI,WAAU,QACb;AAAA,2BAAC,SAAI,WAAU,sBACb,iCAAC,SACC,KAAKK,WAAWM,OAAON,WAAWM,KAAKC,MAAMP,WAAWQ,OAAOD,KAC/D,KAAI,eACJ,WAAU,gBAHZ;AAAA;AAAA;AAAA;AAAA,WAGwB,KAJ1B;AAAA;AAAA;AAAA;AAAA,WAMA;AAAA,IACA,uBAAC,SAAI,WAAU,wBACb;AAAA,6BAAC,SAAI,WAAU,SAASL,2BAAxB;AAAA;AAAA;AAAA;AAAA,aAAsC;AAAA,MACtC,uBAAC,SAAI,WAAU,iBAAiBH,0BAAhC;AAAA;AAAA;AAAA;AAAA,aAA6C;AAAA,MAC7C,uBAAC,SAAI,WAAU,gBAAgBM,0BAA/B;AAAA;AAAA;AAAA;AAAA,aAA4C;AAAA,SAH9C;AAAA;AAAA;AAAA;AAAA,WAIA;AAAA,OAZF;AAAA;AAAA;AAAA;AAAA,SAaA,KAlBF;AAAA;AAAA;AAAA;AAAA,SAmBA;AAEJ;AAACI,KA1BQf;AA4BT,eAAeA;AAAK;AAAAgB",
      "names": [
        "React",
        "dateFormatting",
        "Card",
        "videoId",
        "snippet",
        "openModal",
        "title",
        "channelTitle",
        "thumbnails",
        "publishedAt",
        "modifiedTitle",
        "length",
        "slice",
        "modifiedDate",
        "high",
        "url",
        "medium",
        "_c",
        "$RefreshReg$"
      ],
      "sources": [
        "/Users/vitalidreko/Programming/React/rs-react/src/components/Card/Card.tsx"
      ],
      "file": "/Users/vitalidreko/Programming/React/rs-react/src/components/Card/Card.tsx"
    },
    "_coverageSchema": "1a1c01bbd47fc00a2c39e90264f33305004495a9",
    "hash": "f49e34a5791ecfb50a1934d80f60354d6a9036ff"
  },
  "/Users/vitalidreko/Programming/React/rs-react/src/components/CardsList/CardsList.tsx": {
    "path": "/Users/vitalidreko/Programming/React/rs-react/src/components/CardsList/CardsList.tsx",
    "statementMap": {
      "0": {
        "start": {
          "line": 5,
          "column": 0
        },
        "end": {
          "line": 15,
          "column": 1
        }
      },
      "1": {
        "start": {
          "line": 6,
          "column": 2
        },
        "end": {
          "line": 8,
          "column": 3
        }
      },
      "2": {
        "start": {
          "line": 7,
          "column": 4
        },
        "end": {
          "line": 7,
          "column": 165
        }
      },
      "3": {
        "start": {
          "line": 9,
          "column": 2
        },
        "end": {
          "line": 9,
          "column": 39
        }
      },
      "4": {
        "start": {
          "line": 10,
          "column": 2
        },
        "end": {
          "line": 10,
          "column": 39
        }
      },
      "5": {
        "start": {
          "line": 11,
          "column": 2
        },
        "end": {
          "line": 13,
          "column": 4
        }
      },
      "6": {
        "start": {
          "line": 12,
          "column": 4
        },
        "end": {
          "line": 12,
          "column": 128
        }
      },
      "7": {
        "start": {
          "line": 14,
          "column": 2
        },
        "end": {
          "line": 14,
          "column": 75
        }
      },
      "8": {
        "start": {
          "line": 23,
          "column": 20
        },
        "end": {
          "line": 29,
          "column": 4
        }
      },
      "9": {
        "start": {
          "line": 24,
          "column": 4
        },
        "end": {
          "line": 28,
          "column": 13
        }
      },
      "10": {
        "start": {
          "line": 30,
          "column": 2
        },
        "end": {
          "line": 31,
          "column": 16
        }
      },
      "11": {
        "start": {
          "line": 31,
          "column": 4
        },
        "end": {
          "line": 31,
          "column": 16
        }
      },
      "12": {
        "start": {
          "line": 32,
          "column": 2
        },
        "end": {
          "line": 40,
          "column": 11
        }
      },
      "13": {
        "start": {
          "line": 42,
          "column": 0
        },
        "end": {
          "line": 42,
          "column": 15
        }
      },
      "14": {
        "start": {
          "line": 45,
          "column": 0
        },
        "end": {
          "line": 45,
          "column": 30
        }
      },
      "15": {
        "start": {
          "line": 46,
          "column": 0
        },
        "end": {
          "line": 62,
          "column": 1
        }
      },
      "16": {
        "start": {
          "line": 47,
          "column": 2
        },
        "end": {
          "line": 47,
          "column": 39
        }
      },
      "17": {
        "start": {
          "line": 48,
          "column": 2
        },
        "end": {
          "line": 48,
          "column": 39
        }
      },
      "18": {
        "start": {
          "line": 49,
          "column": 2
        },
        "end": {
          "line": 61,
          "column": 5
        }
      },
      "19": {
        "start": {
          "line": 53,
          "column": 4
        },
        "end": {
          "line": 53,
[...]
          },
          "end": {
            "line": 114,
            "column": 55
          }
        },
        "loc": {
          "start": {
            "line": 114,
            "column": 65
          },
          "end": {
            "line": 116,
            "column": 1
          }
        },
        "line": 114
      },
      "9": {
        "name": "(anonymous_9)",
        "decl": {
          "start": {
            "line": 127,
            "column": 9
          },
          "end": {
            "line": 127,
            "column": 10
          }
        },
        "loc": {
          "start": {
            "line": 127,
            "column": 29
          },
          "end": {
            "line": 136,
            "column": 3
          }
        },
        "line": 127
      },
      "10": {
        "name": "(anonymous_10)",
        "decl": {
          "start": {
            "line": 129,
            "column": 27
          },
          "end": {
            "line": 129,
            "column": 28
          }
        },
        "loc": {
          "start": {
            "line": 129,
            "column": 44
          },
          "end": {
            "line": 135,
            "column": 5
          }
        },
        "line": 129
      }
    },
    "branchMap": {
      "0": {
        "loc": {
          "start": {
            "line": 5,
            "column": 0
          },
          "end": {
            "line": 15,
            "column": 1
          }
        },
        "type": "if",
        "locations": [
          {
            "start": {
              "line": 5,
              "column": 0
            },
            "end": {
              "line": 15,
              "column": 1
            }
          },
          {
            "start": {},
            "end": {}
          }
        ],
        "line": 5
      },
      "1": {
        "loc": {
          "start": {
            "line": 6,
            "column": 2
          },
          "end": {
            "line": 8,
            "column": 3
          }
        },
        "type": "if",
        "locations": [
          {
            "start": {
              "line": 6,
              "column": 2
            },
            "end": {
              "line": 8,
              "column": 3
            }
          },
          {
            "start": {},
            "end": {}
          }
        ],
        "line": 6
      },
      "2": {
        "loc": {
          "start": {
            "line": 41,
            "column": 4
          },
          "end": {
            "line": 43,
            "column": 5
          }
        },
        "type": "if",
        "locations": [
          {
            "start": {
              "line": 41,
              "column": 4
            },
            "end": {
              "line": 43,
              "column": 5
            }
          },
          {
            "start": {},
            "end": {}
          }
        ],
        "line": 41
      },
      "3": {
        "loc": {
          "start": {
            "line": 41,
            "column": 8
          },
          "end": {
            "line": 41,
            "column": 57
          }
        },
        "type": "binary-expr",
        "locations": [
          {
            "start": {
              "line": 41,
              "column": 8
            },
            "end": {
              "line": 41,
              "column": 27
            }
          },
          {
            "start": {
              "line": 41,
              "column": 31
            },
            "end": {
              "line": 41,
              "column": 57
            }
          }
        ],
        "line": 41
      },
      "4": {
        "loc": {
          "start": {
            "line": 44,
            "column": 22
          },
          "end": {
            "line": 44,
            "column": 103
          }
        },
        "type": "cond-expr",
        "locations": [
          {
            "start": {
              "line": 44,
              "column": 43
            },
            "end": {
              "line": 44,
              "column": 96
            }
          },
          {
            "start": {
              "line": 44,
              "column": 99
            },
            "end": {
              "line": 44,
              "column": 103
            }
          }
        ],
        "line": 44
      },
      "5": {
        "loc": {
          "start": {
            "line": 61,
            "column": 12
          },
          "end": {
            "line": 61,
            "column": 25
          }
        },
        "type": "binary-expr",
        "locations": [
          {
            "start": {
              "line": 61,
              "column": 12
            },
            "end": {
              "line": 61,
              "column": 19
            }
          },
          {
            "start": {
              "line": 61,
              "column": 23
            },
            "end": {
              "line": 61,
              "column": 25
            }
          }
        ],
        "line": 61
      },
      "6": {
        "loc": {
          "start": {
            "line": 69,
            "column": 4
          },
          "end": {
            "line": 73,
            "column": 5
          }
        },
        "type": "if",
        "locations": [
          {
            "start": {
              "line": 69,
              "column": 4
            },
            "end": {
              "line": 73,
              "column": 5
            }
          },
          {
            "start": {
              "line": 71,
              "column": 11
            },
            "end": {
              "line": 73,
              "column": 5
            }
          }
        ],
        "line": 69
      },
      "7": {
        "loc": {
          "start": {
            "line": 78,
            "column": 52
          },
          "end": {
            "line": 78,
            "column": 67
          }
        },
        "type": "binary-expr",
        "locations": [
          {
            "start": {
              "line": 78,
              "column": 52
            },
            "end": {
              "line": 78,
              "column": 61
            }
          },
          {
            "start": {
              "line": 78,
              "column": 65
            },
            "end": {
              "line": 78,
              "column": 67
            }
          }
        ],
        "line": 78
      },
      "8": {
        "loc": {
          "start": {
            "line": 121,
            "column": 0
          },
          "end": {
            "line": 137,
            "column": 1
          }
        },
        "type": "if",
        "locations": [
          {
            "start": {
              "line": 121,
              "column": 0
            },
            "end": {
              "line": 137,
              "column": 1
            }
          },
          {
            "start": {},
            "end": {}
          }
        ],
        "line": 121
      },
      "9": {
        "loc": {
          "start": {
            "line": 130,
            "column": 6
          },
          "end": {
            "line": 131,
            "column": 15
          }
        },
        "type": "if",
        "locations": [
          {
            "start": {
              "line": 130,
              "column": 6
            },
            "end": {
              "line": 131,
              "column": 15
            }
          },
          {
            "start": {},
            "end": {}
          }
        ],
        "line": 130
      },
      "10": {
        "loc": {
          "start": {
            "line": 133,
            "column": 6
          },
          "end": {
            "line": 134,
            "column": 54
          }
        },
        "type": "if",
        "locations": [
          {
            "start": {
              "line": 133,
              "column": 6
            },
            "end": {
              "line": 134,
              "column": 54
            }
          },
          {
            "start": {},
            "end": {}
          }
        ],
        "line": 133
      }
    },
    "s": {
      "0": 3,
      "1": 3,
      "2": 0,
      "3": 3,
      "4": 3,
      "5": 3,
      "6": 3,
      "7": 3,
      "8": 3,
      "9": 7,
      "10": 7,
      "11": 8,
      "12": 7,
      "13": 7,
      "14": 7,
      "15": 7,
      "16": 7,
      "17": 7,
      "18": 1,
      "19": 1,
      "20": 0,
      "21": 1,
      "22": 7,
      "23": 1,
      "24": 1,
      "25": 1,
      "26": 0,
      "27": 7,
      "28": 1,
      "29": 1,
      "30": 0,
      "31": 1,
      "32": 1,
      "33": 1,
      "34": 7,
      "35": 2,
      "36": 7,
      "37": 3,
      "38": 3,
      "39": 3,
      "40": 3,
      "41": 3,
      "42": 3,
      "43": 3,
      "44": 3,
      "45": 2,
      "46": 2,
      "47": 0,
      "48": 0,
      "49": 0,
      "50": 0,
      "51": 0
    },
    "f": {
      "0": 3,
      "1": 7,
      "2": 8,
      "3": 1,
      "4": 1,
      "5": 0,
      "6": 1,
      "7": 2,
      "8": 3,
      "9": 2,
      "10": 0
    },
    "b": {
      "0": [
        3,
        0
      ],
      "1": [
        0,
        3
      ],
      "2": [
        0,
        1
      ],
      "3": [
        1,
        1
      ],
      "4": [
        1,
        0
      ],
      "5": [
        1,
        0
      ],
      "6": [
        0,
        1
      ],
      "7": [
        2,
        0
      ],
      "8": [
        3,
        0
      ],
      "9": [
        0,
        0
      ],
      "10": [
        0,
        0
      ]
    },
    "inputSourceMap": {
      "version": 3,
      "mappings": "AAkEM,SAcF,UAdE;;;;;;;;;;;;;;;;AAlEN,SAAgBA,gBAAgB;AAChC,SAASC,SAAwBC,oBAAoB;AACrD,OAAOC,cAAc;AACrB,OAAOC,cAAc;AAGrB,OAAOC,UAAU;AACjB,SAASC,gBAAgBC,sBAAsB;AAC/C,SAASC,uBAAuB;AAEhC,SAASC,aAAa;AAAAC;AACpB,QAAM;AAAA,IAAEC;AAAAA,EAAW,IAAIJ,eAAgBK,WAAUA,MAAMC,iBAAiB;AACxE,QAAMC,WAAWR,eAAe;AAChC,QAAM;AAAA,IAAES;AAAAA,EAAS,IAAIP,gBAAgBQ;AACrC,QAAMC,UAAUhB,QAAgB;AAEhC,QAAM,CAACiB,UAAUC,WAAW,IAAInB,SAAoB;AAAA,IAClDoB,MAAM;AAAA,IACNC,WAAW;AAAA,EACb,CAAC;AACD,QAAM,CAACC,SAASC,UAAU,IAAIvB,SAAwB,IAAI;AAE1D,QAAMwB,mBAAmBA,CAACC,UAA+C;AACvEA,UAAMC,eAAe;AACrB,QAAI,CAACD,MAAME,OAAOC,SAAS,CAACH,MAAME,OAAOC,MAAMC,QAAQ;AACrD,aAAON,WAAW,IAAI;AAAA,IACxB;AACA,WAAOA,WACLE,MAAME,OAAOC,QACTE,IAAIC,gBAAgBN,MAAME,OAAOC,MAAM,CAAC,CAAC,EAAEI,SAAS,IACpD,IACN;AAAA,EACF;AAEA,QAAMC,eAAeA,CAACb,SAAiB;AACrC,UAAMC,YAAY;AAClBF,gBAAY;AAAA,MAAEC;AAAAA,MAAMC;AAAAA,IAAU,CAAC;AAE/Ba,eAAW,MAAM;AACff,kBAAY;AAAA,QAAEC,MAAM;AAAA,QAAIC,WAAW;AAAA,MAAG,CAAC;AAAA,IACzC,GAAG,GAAI;AAAA,EACT;AAEA,QAAMc,WAAmCC,UAAS;AAChDtB,aACEC,SAAS;AAAA,MACPsB,MAAMf,WAAW;AAAA,MACjBgB,OAAOF,KAAKG;AAAAA,MACZC,cAAcJ,KAAKK;AAAAA,MACnBC,aAAaN,KAAKO;AAAAA,MAClBC,WAAWR,KAAKS;AAAAA,MAChBC,cAAcV,KAAKW;AAAAA,MACnBC,aAAaZ,KAAKY;AAAAA,IACpB,CAAC,CACH;AACA,QAAIZ,KAAKa,cAAc;AACrBhB,mBAAa,gCAAgC;AAAA,IAC/C,OAAO;AACLA,mBAAc,cAAa;AAAA,IAC7B;AACAV,eAAW,IAAI;AACfN,YAAQiC,MAAM;AAAA,EAChB;AAEA,QAAMC,YAAYxC,WAAWyC,IAAKC,UAAS;AACzC,WACE,uBAAC,YAEC,MAAMA,KAAKhB,QAAQ,IACnB,OAAOgB,KAAKf,OACZ,cAAce,KAAKb,cACnB,aAAaa,KAAKX,aAClB,WAAWW,KAAKT,WAChB,cAAcS,KAAKP,cACnB,aAAaO,KAAKL,eAPZ,IAAE,oBAAIM,KAAK,GAAEC,QAAQ,IAAIC,KAAKC,UAAUJ,IAAI,KADpD;AAAA;AAAA;AAAA;AAAA,WAQgC;AAAA,EAGpC,CAAC;AAED,SACE,mCACE;AAAA,2BAAC,gBAAa,GAAIpC,SAChB,iCAAC,QACC,MAAMK,SACN,kBAAkBL,QAAQyC,aAAavB,QAAQ,GAC/C,oBAHF;AAAA;AAAA;AAAA;AAAA,WAGqC,KAJvC;AAAA;AAAA;AAAA;AAAA,WAMA;AAAA,IACA,uBAAC,SAAI,WAAU,gBACb,iCAAC,SAAI,WAAU,iBAAiBgB,uBAAhC;AAAA;AAAA;AAAA;AAAA,WAA0C,KAD5C;AAAA;AAAA;AAAA;AAAA,WAEA;AAAA,IACA,uBAAC,YAAS,MAAMjC,SAASE,MAAM,WAAWF,SAASG,aAAnD;AAAA;AAAA;AAAA;AAAA,WAA6D;AAAA,OAX/D;AAAA;AAAA;AAAA;AAAA,SAYA;AAEJ;AAACX,GApFQD,YAAU;AAAA,UACMF,gBACND,gBAEDL,OAAO;AAAA;AAAA0D,KAJhBlD;AAsFT,eAAeA;AAAW;AAAAmD",
      "names": [
        "useState",
        "useForm",
        "FormProvider",
        "YourCard",
        "Snackbar",
        "Form",
        "useAppDispatch",
        "useAppSelector",
        "yourVideosSlice",
        "YourVideos",
        "_s",
        "yourVideos",
        "state",
        "yourVideosReducer",
        "dispatch",
        "addVideo",
        "actions",
        "methods",
        "snackbar",
        "setSnackbar",
        "text",
        "className",
        "fileURL",
        "setFileURL",
        "handleChangeFile",
        "event",
        "preventDefault",
        "target",
        "files",
        "length",
        "URL",
        "createObjectURL",
        "toString",
        "showSnackbar",
        "setTimeout",
        "onSubmit",
        "data",
        "file",
        "title",
        "videoTitle",
        "channelTitle",
        "chanelTitle",
        "publishedAt",
        "date",
        "videoType",
        "select",
        "adultContent",
        "adult",
        "advertising",
        "notification",
        "reset",
        "cardsList",
        "map",
        "card",
        "Date",
        "getTime",
        "JSON",
        "stringify",
        "handleSubmit",
        "_c",
        "$RefreshReg$"
      ],
      "sources": [
        "/Users/vitalidreko/Programming/React/rs-react/src/pages/YourVideos.tsx"
      ],
      "file": "/Users/vitalidreko/Programming/React/rs-react/src/pages/YourVideos.tsx"
    },
    "_coverageSchema": "1a1c01bbd47fc00a2c39e90264f33305004495a9",
    "hash": "8621809bbf09371c33a3d2a451cc94b53dd5d361"
  },
  "/Users/vitalidreko/Programming/React/rs-react/src/App.tsx": {
    "path": "/Users/vitalidreko/Programming/React/rs-react/src/App.tsx",
    "statementMap": {
      "0": {
        "start": {
          "line": 12,
          "column": 4
        },
        "end": {
          "line": 61,
          "column": 13
        }
      }
    },
    "fnMap": {
      "0": {
        "name": "(anonymous_0)",
        "decl": {
          "start": {
            "line": 11,
            "column": 2
          },
          "end": {
            "line": 11,
            "column": 3
          }
        },
        "loc": {
          "start": {
            "line": 11,
            "column": 11
          },
          "end": {
            "line": 62,
            "column": 3
          }
        },
        "line": 11
      }
    },
    "branchMap": {},
    "s": {
      "0": 3
    },
    "f": {
      "0": 3
    },
    "b": {},
    "inputSourceMap": {
      "version": 3,
      "mappings": "AAawB;AAbxB,OAAOA,WAAW;AAClB,SAASC,OAAOC,cAAc;AAC9B,OAAOC,YAAY;AACnB,OAAOC,WAAW;AAClB,OAAOC,UAAU;AACjB,OAAOC,cAAc;AACrB,OAAOC,gBAAgB;AACvB,OAAO;AAEP,MAAMC,YAAYR,MAAMS,cAAc;AAAA,EACpCC,SAAS;AACP,WACE,uBAAC,UACC,iCAAC,SAAM,SAAS,uBAAC,YAAD;AAAA;AAAA;AAAA;AAAA,WAAO,GACrB;AAAA,6BAAC,SAAM,MAAK,KAAI,SAAS,uBAAC,UAAD;AAAA;AAAA;AAAA;AAAA,aAAK,KAA9B;AAAA;AAAA;AAAA;AAAA,aAAkC;AAAA,MAClC,uBAAC,SAAM,MAAK,UAAS,SAAS,uBAAC,WAAD;AAAA;AAAA;AAAA;AAAA,aAAM,KAApC;AAAA;AAAA;AAAA;AAAA,aAAwC;AAAA,MACxC,uBAAC,SAAM,MAAK,QAAO,SAAS,uBAAC,gBAAD;AAAA;AAAA;AAAA;AAAA,aAAW,KAAvC;AAAA;AAAA;AAAA;AAAA,aAA2C;AAAA,MAC3C,uBAAC,SAAM,MAAK,KAAI,SAAS,uBAAC,cAAD;AAAA;AAAA;AAAA;AAAA,aAAS,KAAlC;AAAA;AAAA;AAAA;AAAA,aAAsC;AAAA,SAJxC;AAAA;AAAA;AAAA;AAAA,WAKA,KANF;AAAA;AAAA;AAAA;AAAA,WAOA;AAAA,EAEJ;AACF;AAEA,eAAeF",
      "names": [
        "React",
        "Route",
        "Routes",
        "Layout",
        "About",
        "Home",
        "NotFound",
        "YourVideos",
        "App",
        "PureComponent",
        "render"
      ],
      "sources": [
        "/Users/vitalidreko/Programming/React/rs-react/src/App.tsx"
      ],
      "file": "/Users/vitalidreko/Programming/React/rs-react/src/App.tsx"
    },
    "_coverageSchema": "1a1c01bbd47fc00a2c39e90264f33305004495a9",
    "hash": "61e37d615b68fa40b729f48086d035c57f18d57f"
  },
  "/Users/vitalidreko/Programming/React/rs-react/src/store/store.ts": {
    "path": "/Users/vitalidreko/Programming/React/rs-react/src/store/store.ts",
    "statementMap": {
      "0": {
        "start": {
          "line": 8,
          "column": 20
        },
        "end": {
          "line": 12,
          "column": 2
        }
      },
      "1": {
        "start": {
          "line": 13,
          "column": 26
        },
        "end": {
          "line": 19,
          "column": 1
        }
      },
      "2": {
        "start": {
          "line": 14,
          "column": 2
        },
        "end": {
          "line": 18,
          "column": 5
        }
      },
      "3": {
        "start": {
          "line": 17,
          "column": 42
        },
        "end": {
          "line": 17,
          "column": 93
        }
      }
    },
    "fnMap": {
      "0": {
        "name": "(anonymous_0)",
        "decl": {
          "start": {
            "line": 13,
            "column": 26
          },
          "end": {
            "line": 13,
            "column": 27
          }
        },
        "loc": {
          "start": {
            "line": 13,
            "column": 46
          },
          "end": {
            "line": 19,
            "column": 1
          }
        },
        "line": 13
      },
      "1": {
        "name": "(anonymous_1)",
        "decl": {
          "start": {
            "line": 17,
            "column": 16
          },
          "end": {
            "line": 17,
            "column": 17
          }
        },
        "loc": {
          "start": {
            "line": 17,
            "column": 42
          },
          "end": {
            "line": 17,
            "column": 93
          }
        },
        "line": 17
      }
    },
    "branchMap": {},
    "s": {
      "0": 3,
      "1": 3,
      "2": 3,
      "3": 3
    },
    "f": {
      "0": 3,
      "1": 3
    },
    "b": {},
    "inputSourceMap": {
      "version": 3,
      "sources": [
        "/Users/vitalidreko/Programming/React/rs-react/src/store/store.ts"
      ],
      "mappings": "AAAA;AAAA,EAEE;AAAA,EACA;AAAA,OACK;AACP,OAAO,uBAAuB;AAC9B,OAAO,uBAAuB;AAC9B,OAAO,eAAe;AAEtB,MAAM,cAAc,gBAAgB;AAAA,EAClC;AAAA,EACA;AAAA,EACA,CAAC,UAAU,WAAW,GAAG,UAAU;AACrC,CAAC;AAEM,aAAM,aAAa,CAAC,mBAA+C;AACxE,SAAO,eAAe;AAAA,IACpB,SAAS;AAAA,IACT;AAAA,IACA,YAAY,CAAC,yBACX,qBAAqB,EAAE,OAAO,UAAU,UAAU;AAAA,EACtD,CAAC;AACH;",
      "names": []
    },
    "_coverageSchema": "1a1c01bbd47fc00a2c39e90264f33305004495a9",
    "hash": "fab095959ffd465c586472a932095d01e438acbc"
  },
  "/Users/vitalidreko/Programming/React/rs-react/src/entry-client.tsx": {
    "path": "/Users/vitalidreko/Programming/React/rs-react/src/entry-client.tsx",
    "statementMap": {
      "0": {
        "start": {
          "line": 7,
          "column": 14
        },
        "end": {
          "line": 7,
          "column": 52
        }
      },
      "1": {
        "start": {
          "line": 8,
          "column": 0
        },
        "end": {
          "line": 8,
          "column": 34
        }
      },
      "2": {
        "start": {
          "line": 9,
          "column": 0
        },
        "end": {
          "line": 21,
          "column": 10
        }
      }
    },
    "fnMap": {},
    "branchMap": {},
    "s": {
      "0": 3,
      "1": 3,
      "2": 3
    },
    "f": {},
    "b": {},
    "inputSourceMap": {
      "version": 3,
      "mappings": "AAmBM;AAlBN,SAASA,mBAAmB;AAC5B,SAASC,qBAAqB;AAC9B,SAASC,gBAAgB;AACzB,OAAOC,SAAS;AAEhB,SAAoBC,kBAAkB;AAKtC,MAAMC,QAAQD,WAAYE,OAAgCC,mBAAmB;AAC7E,OAAQD,OAAgCC;AAExCP,YACEQ,SAASC,eAAe,KAAK,GAE7B,uBAAC,YAAS,OACR,iCAAC,iBACC,iCAAC,SAAD;AAAA;AAAA;AAAA;AAAA,OAAI,KADN;AAAA;AAAA;AAAA;AAAA,OAEA,KAHF;AAAA;AAAA;AAAA;AAAA,OAIA,CACF",
      "names": [
        "hydrateRoot",
        "BrowserRouter",
        "Provider",
        "App",
        "setupStore",
        "store",
        "window",
        "__PRELOADED_STATE__",
        "document",
        "getElementById"
      ],
      "sources": [
        "/Users/vitalidreko/Programming/React/rs-react/src/entry-client.tsx"
      ],
      "file": "/Users/vitalidreko/Programming/React/rs-react/src/entry-client.tsx"
    },
    "_coverageSchema": "1a1c01bbd47fc00a2c39e90264f33305004495a9",
    "hash": "59460675965ffd2577ac9eb52047efc66e3e75a9"
  }
}